Using pre-set license
Built from '2020.3/staging' branch; Version is '2020.3.23f1 (c5d91304a876) revision 12966163'; Using compiler version '192528614'; Build Type 'Release'
OS: 'Windows 10 Home; OS build 22000.856; Version 2009; 64bit' Language: 'en' Physical Memory: 8013 MB
BatchMode: 1, IsHumanControllingUs: 0, StartBugReporterOnCrash: 0, Is64bit: 1, IsPro: 0

COMMAND LINE ARGUMENTS:
C:\Program Files\Unity\Hub\Editor\2020.3.23f1\Editor\Unity.exe
-adb2
-batchMode
-noUpm
-name
AssetImportWorker0
-projectPath
C:/Users/Code Ninjas Markham/Documents/Cleo-Tran-Brown/CT-Doctor Worm
-logFile
Logs/AssetImportWorker0.log
-srvPort
63918
Successfully changed project path to: C:/Users/Code Ninjas Markham/Documents/Cleo-Tran-Brown/CT-Doctor Worm
C:/Users/Code Ninjas Markham/Documents/Cleo-Tran-Brown/CT-Doctor Worm
Using Asset Import Pipeline V2.
Refreshing native plugins compatible for Editor in 32.19 ms, found 2 plugins.
Preloading 0 native plugins for Editor in 0.00 ms.
Initialize engine version: 2020.3.23f1 (c5d91304a876)
[Subsystems] Discovering subsystems at path C:/Program Files/Unity/Hub/Editor/2020.3.23f1/Editor/Data/Resources/UnitySubsystems
[Subsystems] Discovering subsystems at path C:/Users/Code Ninjas Markham/Documents/Cleo-Tran-Brown/CT-Doctor Worm/Assets
GfxDevice: creating device client; threaded=0
Direct3D:
    Version:  Direct3D 11.0 [level 11.1]
    Renderer: NVIDIA GeForce GTX 1650 with Max-Q Design (ID=0x1f9d)
    Vendor:   
    VRAM:     3962 MB
    Driver:   27.21.14.6221
Initialize mono
Mono path[0] = 'C:/Program Files/Unity/Hub/Editor/2020.3.23f1/Editor/Data/Managed'
Mono path[1] = 'C:/Program Files/Unity/Hub/Editor/2020.3.23f1/Editor/Data/MonoBleedingEdge/lib/mono/unityjit'
Mono config path = 'C:/Program Files/Unity/Hub/Editor/2020.3.23f1/Editor/Data/MonoBleedingEdge/etc'
Using monoOptions --debugger-agent=transport=dt_socket,embedding=1,server=y,suspend=n,address=127.0.0.1:56436
Begin MonoManager ReloadAssembly
Registering precompiled unity dll's ...
Register platform support module: C:/Program Files/Unity/Hub/Editor/2020.3.23f1/Editor/Data/PlaybackEngines/WebGLSupport/UnityEditor.WebGL.Extensions.dll
Register platform support module: C:/Program Files/Unity/Hub/Editor/2020.3.23f1/Editor/Data/PlaybackEngines/WindowsStandaloneSupport/UnityEditor.WindowsStandalone.Extensions.dll
Registered in 0.001354 seconds.
Native extension for WindowsStandalone target not found
Native extension for WebGL target not found
Refreshing native plugins compatible for Editor in 28.59 ms, found 2 plugins.
Preloading 0 native plugins for Editor in 0.00 ms.
Mono: successfully reloaded assembly
- Completed reload, in  0.482 seconds
Domain Reload Profiling:
	ReloadAssembly (482ms)
		BeginReloadAssembly (41ms)
			ExecutionOrderSort (0ms)
			DisableScriptedObjects (0ms)
			BackupInstance (0ms)
			ReleaseScriptingObjects (0ms)
			CreateAndSetChildDomain (1ms)
		EndReloadAssembly (382ms)
			LoadAssemblies (40ms)
			RebuildTransferFunctionScriptingTraits (0ms)
			SetupTypeCache (128ms)
			ReleaseScriptCaches (0ms)
			RebuildScriptCaches (27ms)
			SetupLoadedEditorAssemblies (140ms)
				LogAssemblyErrors (0ms)
				InitializePlatformSupportModulesInManaged (4ms)
				SetLoadedEditorAssemblies (0ms)
				RefreshPlugins (29ms)
				BeforeProcessingInitializeOnLoad (14ms)
				ProcessInitializeOnLoadAttributes (69ms)
				ProcessInitializeOnLoadMethodAttributes (23ms)
				AfterProcessingInitializeOnLoad (0ms)
				EditorAssembliesLoaded (0ms)
			ExecutionOrderSort2 (0ms)
			AwakeInstancesAfterBackupRestoration (0ms)
Platform modules already initialized, skipping
Registering precompiled user dll's ...
Registered in 0.003100 seconds.
Begin MonoManager ReloadAssembly
Native extension for WindowsStandalone target not found
Native extension for WebGL target not found
Refreshing native plugins compatible for Editor in 0.44 ms, found 2 plugins.
Preloading 0 native plugins for Editor in 0.00 ms.
Mono: successfully reloaded assembly
- Completed reload, in  0.935 seconds
Domain Reload Profiling:
	ReloadAssembly (935ms)
		BeginReloadAssembly (119ms)
			ExecutionOrderSort (0ms)
			DisableScriptedObjects (4ms)
			BackupInstance (0ms)
			ReleaseScriptingObjects (0ms)
			CreateAndSetChildDomain (16ms)
		EndReloadAssembly (766ms)
			LoadAssemblies (67ms)
			RebuildTransferFunctionScriptingTraits (0ms)
			SetupTypeCache (239ms)
			ReleaseScriptCaches (0ms)
			RebuildScriptCaches (36ms)
			SetupLoadedEditorAssemblies (341ms)
				LogAssemblyErrors (0ms)
				InitializePlatformSupportModulesInManaged (5ms)
				SetLoadedEditorAssemblies (0ms)
				RefreshPlugins (0ms)
				BeforeProcessingInitializeOnLoad (131ms)
				ProcessInitializeOnLoadAttributes (192ms)
				ProcessInitializeOnLoadMethodAttributes (7ms)
				AfterProcessingInitializeOnLoad (4ms)
				EditorAssembliesLoaded (0ms)
			ExecutionOrderSort2 (0ms)
			AwakeInstancesAfterBackupRestoration (5ms)
Platform modules already initialized, skipping
========================================================================
Worker process is ready to serve import requests
Launched and connected shader compiler UnityShaderCompiler.exe after 0.03 seconds
Refreshing native plugins compatible for Editor in 0.34 ms, found 2 plugins.
Preloading 0 native plugins for Editor in 0.00 ms.
Unloading 1522 Unused Serialized files (Serialized files now loaded: 0)
System memory in use before: 71.5 MB.
System memory in use after: 71.6 MB.

Unloading 19 unused Assets to reduce memory usage. Loaded Objects now: 1955.
Total: 2.497900 ms (FindLiveObjects: 0.178400 ms CreateObjectMapping: 0.055000 ms MarkObjects: 2.208200 ms  DeleteObjects: 0.055300 ms)

AssetImportParameters requested are different than current active one (requested -> active):
  custom:framework-win-MediaFoundation: 216162199b28c13a410421893ffa2e32 -> 
  custom:video-decoder-ogg-theora: a1e56fd34408186e4bbccfd4996cb3dc -> 
  custom:container-muxer-webm: aa71ff27fc2769a1b78a27578f13a17b -> 
  custom:container-demuxer-webm: 4f35f7cbe854078d1ac9338744f61a02 -> 
  custom:container-demuxer-ogg: 62fdf1f143b41e24485cea50d1cbac27 -> 
  custom:video-encoder-webm-vp8: eb34c28f22e8b96e1ab97ce403110664 -> 
  custom:video-decoder-webm-vp8: 9c59270c3fd7afecdb556c50c9e8de78 -> 
  custom:audio-decoder-ogg-vorbis: bf7c407c2cedff20999df2af8eb42d56 -> 
  custom:audio-encoder-webm-vorbis: bf7c407c2cedff20999df2af8eb42d56 -> 
========================================================================
Received Import Request.
  path: Assets/Scenes/Level4.unity
  artifactKey: Guid(69388e37bb4caf44cb8af64500e366a8) Importer(815301076,1909f56bfc062723c751e8b465ee728b)
Start importing Assets/Scenes/Level4.unity using Guid(69388e37bb4caf44cb8af64500e366a8) Importer(815301076,1909f56bfc062723c751e8b465ee728b)  -> (artifact id: 'd720f3161c4e425e226c71425e7af631') in 0.014519 seconds 
  Import took 0.016697 seconds .

========================================================================
Received Import Request.
  Time since last request: 0.000202 seconds.
  path: Assets/Scenes/SampleScene.unity
  artifactKey: Guid(9fc0d4010bbf28b4594072e72b8655ab) Importer(815301076,1909f56bfc062723c751e8b465ee728b)
Start importing Assets/Scenes/SampleScene.unity using Guid(9fc0d4010bbf28b4594072e72b8655ab) Importer(815301076,1909f56bfc062723c751e8b465ee728b)  -> (artifact id: 'd34b34c6f0a86b610d3a0311b41d528a') in 0.004296 seconds 
  Import took 0.006338 seconds .

========================================================================
Received Import Request.
  Time since last request: 13.839649 seconds.
  path: Assets/Scenes/Level3.unity
  artifactKey: Guid(504963c54a5ce6541a620aec32eea829) Importer(815301076,1909f56bfc062723c751e8b465ee728b)
Start importing Assets/Scenes/Level3.unity using Guid(504963c54a5ce6541a620aec32eea829) Importer(815301076,1909f56bfc062723c751e8b465ee728b)  -> (artifact id: '862d73107fc95e414a95413903366a70') in 0.007037 seconds 
  Import took 0.010247 seconds .

========================================================================
Received Import Request.
  Time since last request: 8.423842 seconds.
  path: Assets/Scenes/Level2.unity
  artifactKey: Guid(70d451264f87f5d498d1ae527502c53d) Importer(815301076,1909f56bfc062723c751e8b465ee728b)
Start importing Assets/Scenes/Level2.unity using Guid(70d451264f87f5d498d1ae527502c53d) Importer(815301076,1909f56bfc062723c751e8b465ee728b)  -> (artifact id: '8071245ee0f896bd4492e6e2e03489be') in 0.008874 seconds 
  Import took 0.012407 seconds .

========================================================================
Received Import Request.
  Time since last request: 3.102658 seconds.
  path: Assets/Scenes/Level1.unity
  artifactKey: Guid(fe9c70ae84d61754c809783afbd641fb) Importer(815301076,1909f56bfc062723c751e8b465ee728b)
Start importing Assets/Scenes/Level1.unity using Guid(fe9c70ae84d61754c809783afbd641fb) Importer(815301076,1909f56bfc062723c751e8b465ee728b)  -> (artifact id: '2331bced88acbf8ac6cd6697cd5ce45b') in 0.007969 seconds 
  Import took 0.011758 seconds .

========================================================================
Received Prepare
Registering precompiled user dll's ...
Registered in 0.008139 seconds.
Begin MonoManager ReloadAssembly
Native extension for WindowsStandalone target not found
Native extension for WebGL target not found
Refreshing native plugins compatible for Editor in 1.05 ms, found 2 plugins.
Preloading 0 native plugins for Editor in 0.00 ms.
Mono: successfully reloaded assembly
- Completed reload, in  1.579 seconds
Domain Reload Profiling:
	ReloadAssembly (1580ms)
		BeginReloadAssembly (150ms)
			ExecutionOrderSort (0ms)
			DisableScriptedObjects (6ms)
			BackupInstance (0ms)
			ReleaseScriptingObjects (0ms)
			CreateAndSetChildDomain (53ms)
		EndReloadAssembly (1115ms)
			LoadAssemblies (152ms)
			RebuildTransferFunctionScriptingTraits (0ms)
			SetupTypeCache (402ms)
			ReleaseScriptCaches (1ms)
			RebuildScriptCaches (51ms)
			SetupLoadedEditorAssemblies (381ms)
				LogAssemblyErrors (0ms)
				InitializePlatformSupportModulesInManaged (8ms)
				SetLoadedEditorAssemblies (1ms)
				RefreshPlugins (1ms)
				BeforeProcessingInitializeOnLoad (90ms)
				ProcessInitializeOnLoadAttributes (263ms)
				ProcessInitializeOnLoadMethodAttributes (14ms)
				AfterProcessingInitializeOnLoad (5ms)
				EditorAssembliesLoaded (0ms)
			ExecutionOrderSort2 (0ms)
			AwakeInstancesAfterBackupRestoration (9ms)
Platform modules already initialized, skipping
Refreshing native plugins compatible for Editor in 0.89 ms, found 2 plugins.
Preloading 0 native plugins for Editor in 0.00 ms.
Unloading 1504 Unused Serialized files (Serialized files now loaded: 0)
System memory in use before: 70.2 MB.
System memory in use after: 70.4 MB.

Unloading 14 unused Assets to reduce memory usage. Loaded Objects now: 1957.
Total: 5.165700 ms (FindLiveObjects: 0.207100 ms CreateObjectMapping: 0.074300 ms MarkObjects: 4.838400 ms  DeleteObjects: 0.044600 ms)

AssetImportParameters requested are different than current active one (requested -> active):
  custom:framework-win-MediaFoundation: 216162199b28c13a410421893ffa2e32 -> 
  custom:video-decoder-ogg-theora: a1e56fd34408186e4bbccfd4996cb3dc -> 
  custom:container-muxer-webm: aa71ff27fc2769a1b78a27578f13a17b -> 
  custom:container-demuxer-webm: 4f35f7cbe854078d1ac9338744f61a02 -> 
  custom:container-demuxer-ogg: 62fdf1f143b41e24485cea50d1cbac27 -> 
  custom:video-encoder-webm-vp8: eb34c28f22e8b96e1ab97ce403110664 -> 
  custom:video-decoder-webm-vp8: 9c59270c3fd7afecdb556c50c9e8de78 -> 
  custom:audio-decoder-ogg-vorbis: bf7c407c2cedff20999df2af8eb42d56 -> 
  custom:audio-encoder-webm-vorbis: bf7c407c2cedff20999df2af8eb42d56 -> 
========================================================================
Received Import Request.
  Time since last request: 502.098435 seconds.
  path: Assets/Textures/button.png
  artifactKey: Guid(9c51704854ab68f4a9a297015c559936) Importer(815301076,1909f56bfc062723c751e8b465ee728b)
Start importing Assets/Textures/button.png using Guid(9c51704854ab68f4a9a297015c559936) Importer(815301076,1909f56bfc062723c751e8b465ee728b)  -> (artifact id: 'c2ab23fadbcfc1bf1f8119db08a18b68') in 0.173774 seconds 
  Import took 0.178863 seconds .

========================================================================
Received Import Request.
  Time since last request: 0.000174 seconds.
  path: Assets/Textures/wallPanel.png
  artifactKey: Guid(a138334217dea3545977ebe04bcb3c90) Importer(815301076,1909f56bfc062723c751e8b465ee728b)
Start importing Assets/Textures/wallPanel.png using Guid(a138334217dea3545977ebe04bcb3c90) Importer(815301076,1909f56bfc062723c751e8b465ee728b)  -> (artifact id: '89cd2caf8ab06cde7e2c23eb2434eb5e') in 0.014744 seconds 
  Import took 0.018370 seconds .

========================================================================
Received Import Request.
  Time since last request: 0.000183 seconds.
  path: Assets/Textures/Sci_Fi_Barrels_NRM_512.psd
  artifactKey: Guid(b482e8320f0e2ce488101184a9a81289) Importer(815301076,1909f56bfc062723c751e8b465ee728b)
Start importing Assets/Textures/Sci_Fi_Barrels_NRM_512.psd using Guid(b482e8320f0e2ce488101184a9a81289) Importer(815301076,1909f56bfc062723c751e8b465ee728b)  -> (artifact id: 'd131bb9917a0c7413710569e6f2d5355') in 0.023612 seconds 
  Import took 0.027180 seconds .

========================================================================
Received Import Request.
  Time since last request: 0.000188 seconds.
  path: Assets/Textures/LaserOff.png
  artifactKey: Guid(0550132628632d64889131a02e5e3c7b) Importer(815301076,1909f56bfc062723c751e8b465ee728b)
Start importing Assets/Textures/LaserOff.png using Guid(0550132628632d64889131a02e5e3c7b) Importer(815301076,1909f56bfc062723c751e8b465ee728b)  -> (artifact id: '57f4196b808e9c34a559559a2d121ac4') in 0.019421 seconds 
  Import took 0.024594 seconds .

========================================================================
Received Import Request.
  Time since last request: 0.000223 seconds.
  path: Assets/Textures/Sci_Fi_Barrels_Metallic_512.psd
  artifactKey: Guid(8b686b0b0ba5c3840be62b27d55add14) Importer(815301076,1909f56bfc062723c751e8b465ee728b)
Start importing Assets/Textures/Sci_Fi_Barrels_Metallic_512.psd using Guid(8b686b0b0ba5c3840be62b27d55add14) Importer(815301076,1909f56bfc062723c751e8b465ee728b)  -> (artifact id: 'fda2196fab2e250bf55788b82b1b4f69') in 0.016624 seconds 
  Import took 0.019681 seconds .

========================================================================
Received Import Request.
  Time since last request: 0.000239 seconds.
  path: Assets/Textures/Sci_Fi_Barrels_Emissive_512.PSD
  artifactKey: Guid(b9097c8681da5b847b0b583149eb4677) Importer(815301076,1909f56bfc062723c751e8b465ee728b)
Start importing Assets/Textures/Sci_Fi_Barrels_Emissive_512.PSD using Guid(b9097c8681da5b847b0b583149eb4677) Importer(815301076,1909f56bfc062723c751e8b465ee728b)  -> (artifact id: '0e4c5bf3b93615211fbad919ddc764a1') in 0.017158 seconds 
  Import took 0.020913 seconds .

========================================================================
Received Import Request.
  Time since last request: 0.000168 seconds.
  path: Assets/Textures/UIShape.png
  artifactKey: Guid(90c3534d23fb0574b9ecef12d913a8f4) Importer(815301076,1909f56bfc062723c751e8b465ee728b)
Start importing Assets/Textures/UIShape.png using Guid(90c3534d23fb0574b9ecef12d913a8f4) Importer(815301076,1909f56bfc062723c751e8b465ee728b)  -> (artifact id: 'd06f1e26596fc47492e5a0f82d81f92f') in 0.023558 seconds 
  Import took 0.026587 seconds .

========================================================================
Received Import Request.
  Time since last request: 0.000176 seconds.
  path: Assets/Textures/doorIcon.png
  artifactKey: Guid(13a40a82f8fb8ee4abe3c96e6f8b7658) Importer(815301076,1909f56bfc062723c751e8b465ee728b)
Start importing Assets/Textures/doorIcon.png using Guid(13a40a82f8fb8ee4abe3c96e6f8b7658) Importer(815301076,1909f56bfc062723c751e8b465ee728b)  -> (artifact id: 'd969009993f1d15c27d11a4c3c233798') in 0.018372 seconds 
  Import took 0.021421 seconds .

========================================================================
Received Import Request.
  Time since last request: 0.000253 seconds.
  path: Assets/Textures/LaserOn.png
  artifactKey: Guid(8be597858f456ab41a152fac68d6f3e9) Importer(815301076,1909f56bfc062723c751e8b465ee728b)
Start importing Assets/Textures/LaserOn.png using Guid(8be597858f456ab41a152fac68d6f3e9) Importer(815301076,1909f56bfc062723c751e8b465ee728b)  -> (artifact id: '6909257f40cc706f811b048253882045') in 0.019140 seconds 
  Import took 0.023315 seconds .

========================================================================
Received Import Request.
  Time since last request: 0.000206 seconds.
  path: Assets/Textures/laserLine.png
  artifactKey: Guid(97b5fb0aee78b1541a99948936a8fc1a) Importer(815301076,1909f56bfc062723c751e8b465ee728b)
Start importing Assets/Textures/laserLine.png using Guid(97b5fb0aee78b1541a99948936a8fc1a) Importer(815301076,1909f56bfc062723c751e8b465ee728b)  -> (artifact id: 'b1c08f7c54c6fda9af7be9bf3cdc57cb') in 0.012456 seconds 
  Import took 0.016963 seconds .

========================================================================
Received Import Request.
  Time since last request: 0.000257 seconds.
  path: Assets/Textures/Sci_Fi_Barrels_512.psd
  artifactKey: Guid(74078c53cbc70354c82fcc1fdb219cf3) Importer(815301076,1909f56bfc062723c751e8b465ee728b)
Start importing Assets/Textures/Sci_Fi_Barrels_512.psd using Guid(74078c53cbc70354c82fcc1fdb219cf3) Importer(815301076,1909f56bfc062723c751e8b465ee728b)  -> (artifact id: '6a672fff8dc2fda7b4629747cbf49a48') in 0.015921 seconds 
  Import took 0.020090 seconds .

========================================================================
Received Import Request.
  Time since last request: 0.000220 seconds.
  path: Assets/Textures/doorIconGreen.png
  artifactKey: Guid(d097e759c9fc53e459b794dac0b78365) Importer(815301076,1909f56bfc062723c751e8b465ee728b)
Start importing Assets/Textures/doorIconGreen.png using Guid(d097e759c9fc53e459b794dac0b78365) Importer(815301076,1909f56bfc062723c751e8b465ee728b)  -> (artifact id: 'de1fceba51628048a7a7e6a93676b7f1') in 0.018007 seconds 
  Import took 0.020946 seconds .

========================================================================
Received Import Request.
  Time since last request: 0.000156 seconds.
  path: Assets/Textures/Floor.png
  artifactKey: Guid(3b6ecef59a8894545acdc46045f88237) Importer(815301076,1909f56bfc062723c751e8b465ee728b)
Start importing Assets/Textures/Floor.png using Guid(3b6ecef59a8894545acdc46045f88237) Importer(815301076,1909f56bfc062723c751e8b465ee728b)  -> (artifact id: '21044a019e89c459aec4d7fef96fb34d') in 0.014811 seconds 
  Import took 0.017658 seconds .

========================================================================
Received Import Request.
  Time since last request: 0.721022 seconds.
  path: Assets/Robo's turret (free)/Docfree.png
  artifactKey: Guid(06d045d99b2193d4faabd121cdbe446d) Importer(815301076,1909f56bfc062723c751e8b465ee728b)
Start importing Assets/Robo's turret (free)/Docfree.png using Guid(06d045d99b2193d4faabd121cdbe446d) Importer(815301076,1909f56bfc062723c751e8b465ee728b)  -> (artifact id: 'ee5f25ccb209c3dbfb79e0802d713c05') in 0.019990 seconds 
  Import took 0.023912 seconds .

========================================================================
Received Import Request.
  Time since last request: 0.483151 seconds.
  path: Assets/Models/Codey.fbx
  artifactKey: Guid(a656d097d5ac93b4cabeb8a33bbe1bca) Importer(815301076,1909f56bfc062723c751e8b465ee728b)
Start importing Assets/Models/Codey.fbx using Guid(a656d097d5ac93b4cabeb8a33bbe1bca) Importer(815301076,1909f56bfc062723c751e8b465ee728b)  -> (artifact id: '891632ae5c060a2d3ba0dd295d3a1845') in 0.145241 seconds 
  Import took 0.149788 seconds .

========================================================================
Received Import Request.
  Time since last request: 0.000214 seconds.
  path: Assets/Models/LaserNode.fbx
  artifactKey: Guid(4e9435307bd00fa4c92056ffe0f0dc1b) Importer(815301076,1909f56bfc062723c751e8b465ee728b)
Start importing Assets/Models/LaserNode.fbx using Guid(4e9435307bd00fa4c92056ffe0f0dc1b) Importer(815301076,1909f56bfc062723c751e8b465ee728b)  -> (artifact id: '47860c490a738eb885cdfaff10428f25') in 0.031636 seconds 
  Import took 0.036067 seconds .

========================================================================
Received Import Request.
  Time since last request: 0.000205 seconds.
  path: Assets/Models/SCI_FI_Barrels_Sample.FBX
  artifactKey: Guid(5c5915e3b1cd1e9498fc34258639b7e5) Importer(815301076,1909f56bfc062723c751e8b465ee728b)
Start importing Assets/Models/SCI_FI_Barrels_Sample.FBX using Guid(5c5915e3b1cd1e9498fc34258639b7e5) Importer(815301076,1909f56bfc062723c751e8b465ee728b)  -> (artifact id: '371f9aced24427b2f68f7ab4b57a17b3') in 0.111219 seconds 
  Import took 0.115329 seconds .

========================================================================
Received Import Request.
  Time since last request: 0.000281 seconds.
  path: Assets/Models/DoorTriangle.fbx
  artifactKey: Guid(6076c18482b773443a73be67a0d95e69) Importer(815301076,1909f56bfc062723c751e8b465ee728b)
Start importing Assets/Models/DoorTriangle.fbx using Guid(6076c18482b773443a73be67a0d95e69) Importer(815301076,1909f56bfc062723c751e8b465ee728b)  -> (artifact id: 'abca3add6d38b67ff698a25c7736668e') in 0.062082 seconds 
  Import took 0.067255 seconds .

========================================================================
Received Import Request.
  Time since last request: 0.004709 seconds.
  path: Assets/Animations/Codey@death.fbx
  artifactKey: Guid(042ef3c651db36441ad4b41931fa4bad) Importer(815301076,1909f56bfc062723c751e8b465ee728b)
Start importing Assets/Animations/Codey@death.fbx using Guid(042ef3c651db36441ad4b41931fa4bad) Importer(815301076,1909f56bfc062723c751e8b465ee728b)  -> (artifact id: '6b85cf9ba9d674cf1121bde3f384b68f') in 0.012749 seconds 
  Import took 0.017322 seconds .

========================================================================
Received Import Request.
  Time since last request: 0.000173 seconds.
  path: Assets/Animations/Codey@idelPose.fbx
  artifactKey: Guid(e6ee5e2b4f423f84c8b0e4a087bed79b) Importer(815301076,1909f56bfc062723c751e8b465ee728b)
Start importing Assets/Animations/Codey@idelPose.fbx using Guid(e6ee5e2b4f423f84c8b0e4a087bed79b) Importer(815301076,1909f56bfc062723c751e8b465ee728b)  -> (artifact id: 'a028e5896591aa8f944c37a57c8e42a0') in 0.011908 seconds 
  Import took 0.015642 seconds .

========================================================================
Received Import Request.
  Time since last request: 0.000194 seconds.
  path: Assets/Animations/Codey@rightTurn.fbx
  artifactKey: Guid(00e28f9beac33c348a9eb9693625244f) Importer(815301076,1909f56bfc062723c751e8b465ee728b)
Start importing Assets/Animations/Codey@rightTurn.fbx using Guid(00e28f9beac33c348a9eb9693625244f) Importer(815301076,1909f56bfc062723c751e8b465ee728b)  -> (artifact id: '7f74d8d6576581781227824db53278a5') in 0.013144 seconds 
  Import took 0.018174 seconds .

========================================================================
Received Import Request.
  Time since last request: 0.000180 seconds.
  path: Assets/Animations/Codey@walk.fbx
  artifactKey: Guid(40299b6b7b59d7544b11cb37384acf71) Importer(815301076,1909f56bfc062723c751e8b465ee728b)
Start importing Assets/Animations/Codey@walk.fbx using Guid(40299b6b7b59d7544b11cb37384acf71) Importer(815301076,1909f56bfc062723c751e8b465ee728b)  -> (artifact id: '4859b892c3859e55dcd866fdc6672da2') in 0.013597 seconds 
  Import took 0.017313 seconds .

========================================================================
Received Import Request.
  Time since last request: 0.000220 seconds.
  path: Assets/Animations/Codey@pushing.fbx
  artifactKey: Guid(c9eaf0bb2350ee140a58e40cf16e52c4) Importer(815301076,1909f56bfc062723c751e8b465ee728b)
Start importing Assets/Animations/Codey@pushing.fbx using Guid(c9eaf0bb2350ee140a58e40cf16e52c4) Importer(815301076,1909f56bfc062723c751e8b465ee728b)  -> (artifact id: '6d99b10019b2ba8df352459a30bea331') in 0.012648 seconds 
  Import took 0.017437 seconds .

========================================================================
Received Import Request.
  Time since last request: 0.000332 seconds.
  path: Assets/Animations/Codey@leftTurn.fbx
  artifactKey: Guid(093f3ddb9a167ab47ae6a4fb5dc8df38) Importer(815301076,1909f56bfc062723c751e8b465ee728b)
Start importing Assets/Animations/Codey@leftTurn.fbx using Guid(093f3ddb9a167ab47ae6a4fb5dc8df38) Importer(815301076,1909f56bfc062723c751e8b465ee728b)  -> (artifact id: '86280f8c02dd3a9ef64b0dfa9895125b') in 0.013282 seconds 
  Import took 0.017200 seconds .

========================================================================
Received Import Request.
  Time since last request: 0.000216 seconds.
  path: Assets/Animations/Codey@run.fbx
  artifactKey: Guid(c22be356be1efd3488ac6e73d74190b0) Importer(815301076,1909f56bfc062723c751e8b465ee728b)
Start importing Assets/Animations/Codey@run.fbx using Guid(c22be356be1efd3488ac6e73d74190b0) Importer(815301076,1909f56bfc062723c751e8b465ee728b)  -> (artifact id: '7f98609f25697a08bff8fbd1820c2e69') in 0.013964 seconds 
  Import took 0.017453 seconds .

========================================================================
Received Prepare
Registering precompiled user dll's ...
Registered in 0.002860 seconds.
Begin MonoManager ReloadAssembly
Native extension for WindowsStandalone target not found
Native extension for WebGL target not found
Refreshing native plugins compatible for Editor in 0.34 ms, found 2 plugins.
Preloading 0 native plugins for Editor in 0.00 ms.
Mono: successfully reloaded assembly
- Completed reload, in  0.812 seconds
Domain Reload Profiling:
	ReloadAssembly (813ms)
		BeginReloadAssembly (96ms)
			ExecutionOrderSort (0ms)
			DisableScriptedObjects (3ms)
			BackupInstance (0ms)
			ReleaseScriptingObjects (0ms)
			CreateAndSetChildDomain (27ms)
		EndReloadAssembly (668ms)
			LoadAssemblies (66ms)
			RebuildTransferFunctionScriptingTraits (0ms)
			SetupTypeCache (243ms)
			ReleaseScriptCaches (1ms)
			RebuildScriptCaches (32ms)
			SetupLoadedEditorAssemblies (237ms)
				LogAssemblyErrors (0ms)
				InitializePlatformSupportModulesInManaged (5ms)
				SetLoadedEditorAssemblies (0ms)
				RefreshPlugins (0ms)
				BeforeProcessingInitializeOnLoad (63ms)
				ProcessInitializeOnLoadAttributes (158ms)
				ProcessInitializeOnLoadMethodAttributes (7ms)
				AfterProcessingInitializeOnLoad (4ms)
				EditorAssembliesLoaded (0ms)
			ExecutionOrderSort2 (0ms)
			AwakeInstancesAfterBackupRestoration (6ms)
Platform modules already initialized, skipping
Refreshing native plugins compatible for Editor in 0.34 ms, found 2 plugins.
Preloading 0 native plugins for Editor in 0.00 ms.
Unloading 1504 Unused Serialized files (Serialized files now loaded: 0)
System memory in use before: 87.5 MB.
System memory in use after: 87.6 MB.

Unloading 15 unused Assets to reduce memory usage. Loaded Objects now: 2016.
Total: 2.331600 ms (FindLiveObjects: 0.156400 ms CreateObjectMapping: 0.049500 ms MarkObjects: 2.105100 ms  DeleteObjects: 0.019300 ms)

AssetImportParameters requested are different than current active one (requested -> active):
  custom:framework-win-MediaFoundation: 216162199b28c13a410421893ffa2e32 -> 
  custom:video-decoder-ogg-theora: a1e56fd34408186e4bbccfd4996cb3dc -> 
  custom:container-muxer-webm: aa71ff27fc2769a1b78a27578f13a17b -> 
  custom:container-demuxer-webm: 4f35f7cbe854078d1ac9338744f61a02 -> 
  custom:container-demuxer-ogg: 62fdf1f143b41e24485cea50d1cbac27 -> 
  custom:video-encoder-webm-vp8: eb34c28f22e8b96e1ab97ce403110664 -> 
  custom:video-decoder-webm-vp8: 9c59270c3fd7afecdb556c50c9e8de78 -> 
  custom:audio-decoder-ogg-vorbis: bf7c407c2cedff20999df2af8eb42d56 -> 
  custom:audio-encoder-webm-vorbis: bf7c407c2cedff20999df2af8eb42d56 -> 
AssetImportWorkerClient::OnTransportError - code=2 error=End of file
