Using pre-set license
Built from '2020.3/staging' branch; Version is '2020.3.23f1 (c5d91304a876) revision 12966163'; Using compiler version '192528614'; Build Type 'Release'
OS: 'Windows 10 Home; OS build 19044.1889; Version 2009; 64bit' Language: 'en' Physical Memory: 8013 MB
BatchMode: 1, IsHumanControllingUs: 0, StartBugReporterOnCrash: 0, Is64bit: 1, IsPro: 0

COMMAND LINE ARGUMENTS:
C:\Program Files\Unity 2020.3.23f1\Editor\Unity.exe
-adb2
-batchMode
-noUpm
-name
AssetImportWorker0
-projectPath
C:/Users/Ninjas/Documents/Cleo-Tran-Brown/CT-Doctor Worm
-logFile
Logs/AssetImportWorker0.log
-srvPort
61143
Successfully changed project path to: C:/Users/Ninjas/Documents/Cleo-Tran-Brown/CT-Doctor Worm
C:/Users/Ninjas/Documents/Cleo-Tran-Brown/CT-Doctor Worm
Using Asset Import Pipeline V2.
Refreshing native plugins compatible for Editor in 28.76 ms, found 2 plugins.
Preloading 0 native plugins for Editor in 0.00 ms.
Initialize engine version: 2020.3.23f1 (c5d91304a876)
[Subsystems] Discovering subsystems at path C:/Program Files/Unity 2020.3.23f1/Editor/Data/Resources/UnitySubsystems
[Subsystems] Discovering subsystems at path C:/Users/Ninjas/Documents/Cleo-Tran-Brown/CT-Doctor Worm/Assets
GfxDevice: creating device client; threaded=0
Direct3D:
    Version:  Direct3D 11.0 [level 11.1]
    Renderer: NVIDIA GeForce GTX 1650 with Max-Q Design (ID=0x1f9d)
    Vendor:   
    VRAM:     3962 MB
    Driver:   31.0.15.1659
Initialize mono
Mono path[0] = 'C:/Program Files/Unity 2020.3.23f1/Editor/Data/Managed'
Mono path[1] = 'C:/Program Files/Unity 2020.3.23f1/Editor/Data/MonoBleedingEdge/lib/mono/unityjit'
Mono config path = 'C:/Program Files/Unity 2020.3.23f1/Editor/Data/MonoBleedingEdge/etc'
Using monoOptions --debugger-agent=transport=dt_socket,embedding=1,server=y,suspend=n,address=127.0.0.1:56312
Begin MonoManager ReloadAssembly
Registering precompiled unity dll's ...
Register platform support module: C:/Program Files/Unity 2020.3.23f1/Editor/Data/PlaybackEngines/WindowsStandaloneSupport/UnityEditor.WindowsStandalone.Extensions.dll
Registered in 0.001556 seconds.
Native extension for WindowsStandalone target not found
Refreshing native plugins compatible for Editor in 28.44 ms, found 2 plugins.
Preloading 0 native plugins for Editor in 0.00 ms.
Mono: successfully reloaded assembly
- Completed reload, in  0.483 seconds
Domain Reload Profiling:
	ReloadAssembly (483ms)
		BeginReloadAssembly (44ms)
			ExecutionOrderSort (0ms)
			DisableScriptedObjects (0ms)
			BackupInstance (0ms)
			ReleaseScriptingObjects (0ms)
			CreateAndSetChildDomain (1ms)
		EndReloadAssembly (378ms)
			LoadAssemblies (42ms)
			RebuildTransferFunctionScriptingTraits (0ms)
			SetupTypeCache (125ms)
			ReleaseScriptCaches (0ms)
			RebuildScriptCaches (27ms)
			SetupLoadedEditorAssemblies (140ms)
				LogAssemblyErrors (0ms)
				InitializePlatformSupportModulesInManaged (4ms)
				SetLoadedEditorAssemblies (0ms)
				RefreshPlugins (28ms)
				BeforeProcessingInitializeOnLoad (14ms)
				ProcessInitializeOnLoadAttributes (69ms)
				ProcessInitializeOnLoadMethodAttributes (24ms)
				AfterProcessingInitializeOnLoad (0ms)
				EditorAssembliesLoaded (0ms)
			ExecutionOrderSort2 (0ms)
			AwakeInstancesAfterBackupRestoration (0ms)
Platform modules already initialized, skipping
Registering precompiled user dll's ...
Registered in 0.003555 seconds.
Begin MonoManager ReloadAssembly
Native extension for WindowsStandalone target not found
Refreshing native plugins compatible for Editor in 0.34 ms, found 2 plugins.
Preloading 0 native plugins for Editor in 0.00 ms.
Mono: successfully reloaded assembly
- Completed reload, in  0.852 seconds
Domain Reload Profiling:
	ReloadAssembly (852ms)
		BeginReloadAssembly (123ms)
			ExecutionOrderSort (0ms)
			DisableScriptedObjects (4ms)
			BackupInstance (0ms)
			ReleaseScriptingObjects (0ms)
			CreateAndSetChildDomain (15ms)
		EndReloadAssembly (676ms)
			LoadAssemblies (70ms)
			RebuildTransferFunctionScriptingTraits (0ms)
			SetupTypeCache (233ms)
			ReleaseScriptCaches (0ms)
			RebuildScriptCaches (36ms)
			SetupLoadedEditorAssemblies (256ms)
				LogAssemblyErrors (0ms)
				InitializePlatformSupportModulesInManaged (4ms)
				SetLoadedEditorAssemblies (0ms)
				RefreshPlugins (0ms)
				BeforeProcessingInitializeOnLoad (68ms)
				ProcessInitializeOnLoadAttributes (169ms)
				ProcessInitializeOnLoadMethodAttributes (8ms)
				AfterProcessingInitializeOnLoad (5ms)
				EditorAssembliesLoaded (0ms)
			ExecutionOrderSort2 (0ms)
			AwakeInstancesAfterBackupRestoration (6ms)
Platform modules already initialized, skipping
========================================================================
Worker process is ready to serve import requests
Launched and connected shader compiler UnityShaderCompiler.exe after 0.04 seconds
Refreshing native plugins compatible for Editor in 0.38 ms, found 2 plugins.
Preloading 0 native plugins for Editor in 0.00 ms.
Unloading 1522 Unused Serialized files (Serialized files now loaded: 0)
System memory in use before: 71.6 MB.
System memory in use after: 71.6 MB.

Unloading 19 unused Assets to reduce memory usage. Loaded Objects now: 1955.
Total: 2.962100 ms (FindLiveObjects: 0.253400 ms CreateObjectMapping: 0.057400 ms MarkObjects: 2.577600 ms  DeleteObjects: 0.072700 ms)

AssetImportParameters requested are different than current active one (requested -> active):
  custom:framework-win-MediaFoundation: 216162199b28c13a410421893ffa2e32 -> 
  custom:video-decoder-ogg-theora: a1e56fd34408186e4bbccfd4996cb3dc -> 
  custom:container-muxer-webm: aa71ff27fc2769a1b78a27578f13a17b -> 
  custom:container-demuxer-webm: 4f35f7cbe854078d1ac9338744f61a02 -> 
  custom:container-demuxer-ogg: 62fdf1f143b41e24485cea50d1cbac27 -> 
  custom:video-encoder-webm-vp8: eb34c28f22e8b96e1ab97ce403110664 -> 
  custom:video-decoder-webm-vp8: 9c59270c3fd7afecdb556c50c9e8de78 -> 
  custom:audio-decoder-ogg-vorbis: bf7c407c2cedff20999df2af8eb42d56 -> 
  custom:audio-encoder-webm-vorbis: bf7c407c2cedff20999df2af8eb42d56 -> 
========================================================================
Received Import Request.
  path: Assets/Materials/LaserShape.mat
  artifactKey: Guid(6aba65d5cf1d3fc4182af1477005eba4) Importer(815301076,1909f56bfc062723c751e8b465ee728b)
Start importing Assets/Materials/LaserShape.mat using Guid(6aba65d5cf1d3fc4182af1477005eba4) Importer(815301076,1909f56bfc062723c751e8b465ee728b)  -> (artifact id: 'd97371223e2b193bc05f9dbdf6bae7f5') in 0.109713 seconds 
  Import took 0.111978 seconds .

========================================================================
Received Import Request.
  Time since last request: 0.000139 seconds.
  path: Assets/Prefabs/LaserComponent.prefab
  artifactKey: Guid(09ca3e16febd7444fb8347396a810797) Importer(815301076,1909f56bfc062723c751e8b465ee728b)
Start importing Assets/Prefabs/LaserComponent.prefab using Guid(09ca3e16febd7444fb8347396a810797) Importer(815301076,1909f56bfc062723c751e8b465ee728b)  -> (artifact id: '2ae19efeb4cdc1d5336d20817fe5d9f9') in 0.209869 seconds 
  Import took 0.212066 seconds .

========================================================================
Received Import Request.
  Time since last request: 0.000175 seconds.
  path: Assets/Prefabs/GreyBox.prefab
  artifactKey: Guid(689bce6208bc9f441bfad84d4492dd5d) Importer(815301076,1909f56bfc062723c751e8b465ee728b)
Start importing Assets/Prefabs/GreyBox.prefab using Guid(689bce6208bc9f441bfad84d4492dd5d) Importer(815301076,1909f56bfc062723c751e8b465ee728b)  -> (artifact id: '52021859658b5184121de4344d75fe19') in 0.225450 seconds 
  Import took 0.227604 seconds .

========================================================================
Received Import Request.
  Time since last request: 0.000222 seconds.
  path: Assets/Prefabs/ShortWall.fbx
  artifactKey: Guid(b07a7cbe99dcb8c409f7c8ad997e572f) Importer(815301076,1909f56bfc062723c751e8b465ee728b)
Start importing Assets/Prefabs/ShortWall.fbx using Guid(b07a7cbe99dcb8c409f7c8ad997e572f) Importer(815301076,1909f56bfc062723c751e8b465ee728b)  -> (artifact id: '6ead66d0ef1b754708fa9220a7d0690e') in 0.135912 seconds 
  Import took 0.138125 seconds .

========================================================================
Received Import Request.
  Time since last request: 0.000226 seconds.
  path: Assets/Prefabs/Codey.prefab
  artifactKey: Guid(3e23642a54e18284cb4e99ac955e2939) Importer(815301076,1909f56bfc062723c751e8b465ee728b)
Start importing Assets/Prefabs/Codey.prefab using Guid(3e23642a54e18284cb4e99ac955e2939) Importer(815301076,1909f56bfc062723c751e8b465ee728b)  -> (artifact id: 'bfeeaac1ab3330b508b84bfd5d4e71a6') in 0.119033 seconds 
  Import took 0.121680 seconds .

========================================================================
Received Import Request.
  Time since last request: 0.000166 seconds.
  path: Assets/Prefabs/AutomaticDoors.prefab
  artifactKey: Guid(c5d21eb9eeeef6e4da8fe6f3b9048b5c) Importer(815301076,1909f56bfc062723c751e8b465ee728b)
Start importing Assets/Prefabs/AutomaticDoors.prefab using Guid(c5d21eb9eeeef6e4da8fe6f3b9048b5c) Importer(815301076,1909f56bfc062723c751e8b465ee728b)  -> (artifact id: '038596e7859cf0b8939df809c36e0dde') in 0.013154 seconds 
  Import took 0.015426 seconds .

========================================================================
Received Import Request.
  Time since last request: 0.000186 seconds.
  path: Assets/Prefabs/LongWall.prefab
  artifactKey: Guid(c0e007cb407df0c44952c67877c6dd25) Importer(815301076,1909f56bfc062723c751e8b465ee728b)
Start importing Assets/Prefabs/LongWall.prefab using Guid(c0e007cb407df0c44952c67877c6dd25) Importer(815301076,1909f56bfc062723c751e8b465ee728b)  -> (artifact id: '9954e88d89f3d84a89346638c135c809') in 0.020379 seconds 
  Import took 0.024186 seconds .

========================================================================
Received Import Request.
  Time since last request: 0.000235 seconds.
  path: Assets/Materials/MazeLaserLine.mat
  artifactKey: Guid(3219b3753a223404282ea634c9530d18) Importer(815301076,1909f56bfc062723c751e8b465ee728b)
Start importing Assets/Materials/MazeLaserLine.mat using Guid(3219b3753a223404282ea634c9530d18) Importer(815301076,1909f56bfc062723c751e8b465ee728b)  -> (artifact id: '99ea52f0343316f143b367ba4114548b') in 0.010698 seconds 
  Import took 0.012877 seconds .

========================================================================
Received Import Request.
  Time since last request: 0.000134 seconds.
  path: Assets/Prefabs/Laser.prefab
  artifactKey: Guid(80ae6c47595d62e4681f06b43d0a99a5) Importer(815301076,1909f56bfc062723c751e8b465ee728b)
Start importing Assets/Prefabs/Laser.prefab using Guid(80ae6c47595d62e4681f06b43d0a99a5) Importer(815301076,1909f56bfc062723c751e8b465ee728b)  -> (artifact id: '7ba17463529b0c20b427ea47746556bf') in 0.012172 seconds 
  Import took 0.016188 seconds .

========================================================================
Received Import Request.
  Time since last request: 0.000136 seconds.
  path: Assets/Materials/doorIcon 1.mat
  artifactKey: Guid(9814065d5a6d6534f8c7a34d93ef1062) Importer(815301076,1909f56bfc062723c751e8b465ee728b)
Start importing Assets/Materials/doorIcon 1.mat using Guid(9814065d5a6d6534f8c7a34d93ef1062) Importer(815301076,1909f56bfc062723c751e8b465ee728b)  -> (artifact id: '957e569f4762688303042759d0ba43a7') in 0.019286 seconds 
  Import took 0.021493 seconds .

========================================================================
Received Import Request.
  Time since last request: 0.000143 seconds.
  path: Assets/Materials/CargoCubeGrey.mat
  artifactKey: Guid(bd6fad54255e3f646816c0d4f861b3b2) Importer(815301076,1909f56bfc062723c751e8b465ee728b)
Start importing Assets/Materials/CargoCubeGrey.mat using Guid(bd6fad54255e3f646816c0d4f861b3b2) Importer(815301076,1909f56bfc062723c751e8b465ee728b)  -> (artifact id: 'cabe06d2a76aa49eaf5164eab9477b6d') in 0.016293 seconds 
  Import took 0.018453 seconds .

========================================================================
Received Import Request.
  Time since last request: 0.000130 seconds.
  path: Assets/Materials/Codey.mat
  artifactKey: Guid(21f49ebcdc6a517468f34e74c0c814d0) Importer(815301076,1909f56bfc062723c751e8b465ee728b)
Start importing Assets/Materials/Codey.mat using Guid(21f49ebcdc6a517468f34e74c0c814d0) Importer(815301076,1909f56bfc062723c751e8b465ee728b)  -> (artifact id: '8b344cda76b6e793832e5eb2c4d63d84') in 0.016599 seconds 
  Import took 0.018791 seconds .

========================================================================
Received Import Request.
  Time since last request: 0.000267 seconds.
  path: Assets/Materials/doorIcon.mat
  artifactKey: Guid(486957960ebaeac438bd2ee369d460cb) Importer(815301076,1909f56bfc062723c751e8b465ee728b)
Start importing Assets/Materials/doorIcon.mat using Guid(486957960ebaeac438bd2ee369d460cb) Importer(815301076,1909f56bfc062723c751e8b465ee728b)  -> (artifact id: '2536e08b2866d6ee77670b2a3f9fe9bf') in 0.017541 seconds 
  Import took 0.019839 seconds .

========================================================================
Received Import Request.
  Time since last request: 0.000178 seconds.
  path: Assets/Prefabs/Canvas.prefab
  artifactKey: Guid(0cf971997b2ca1f478ffd5ba469b6ea2) Importer(815301076,1909f56bfc062723c751e8b465ee728b)
Start importing Assets/Prefabs/Canvas.prefab using Guid(0cf971997b2ca1f478ffd5ba469b6ea2) Importer(815301076,1909f56bfc062723c751e8b465ee728b)  -> (artifact id: 'bb567111132591e9f6403d902b13efd2') in 0.054025 seconds 
  Import took 0.056347 seconds .

========================================================================
Received Import Request.
  Time since last request: 0.000195 seconds.
  path: Assets/Robo's turret (free)/Docfree.png
  artifactKey: Guid(06d045d99b2193d4faabd121cdbe446d) Importer(815301076,1909f56bfc062723c751e8b465ee728b)
Start importing Assets/Robo's turret (free)/Docfree.png using Guid(06d045d99b2193d4faabd121cdbe446d) Importer(815301076,1909f56bfc062723c751e8b465ee728b)  -> (artifact id: '1e58d2bcc572f8f862eba7016cfa620c') in 0.022356 seconds 
  Import took 0.024466 seconds .

========================================================================
Received Import Request.
  Time since last request: 0.000153 seconds.
  path: Assets/Materials/BaseBoard.mat
  artifactKey: Guid(5f0b189e634511c48b62d9244db543e1) Importer(815301076,1909f56bfc062723c751e8b465ee728b)
Start importing Assets/Materials/BaseBoard.mat using Guid(5f0b189e634511c48b62d9244db543e1) Importer(815301076,1909f56bfc062723c751e8b465ee728b)  -> (artifact id: '35c7e12ea7b4f79e5feb5391417c939a') in 0.011333 seconds 
  Import took 0.013604 seconds .

========================================================================
Received Import Request.
  Time since last request: 0.000173 seconds.
  path: Assets/Materials/Floor.mat
  artifactKey: Guid(cf1766c3dcb446944ae5db847b11d9b8) Importer(815301076,1909f56bfc062723c751e8b465ee728b)
Start importing Assets/Materials/Floor.mat using Guid(cf1766c3dcb446944ae5db847b11d9b8) Importer(815301076,1909f56bfc062723c751e8b465ee728b)  -> (artifact id: '8cd71200aad925d2b996e5c13f2f679b') in 0.016612 seconds 
  Import took 0.018874 seconds .

========================================================================
Received Import Request.
  Time since last request: 0.000167 seconds.
  path: Assets/Prefabs/Line.prefab
  artifactKey: Guid(1dd2dfb105a179648935ae55ecd55475) Importer(815301076,1909f56bfc062723c751e8b465ee728b)
Start importing Assets/Prefabs/Line.prefab using Guid(1dd2dfb105a179648935ae55ecd55475) Importer(815301076,1909f56bfc062723c751e8b465ee728b)  -> (artifact id: 'b187aa2caa185b00a2942954002ecfc1') in 0.014551 seconds 
  Import took 0.016759 seconds .

========================================================================
Received Import Request.
  Time since last request: 0.000139 seconds.
  path: Assets/Prefabs/LaserSwitch.prefab
  artifactKey: Guid(0b03b6f3eb5a8bf42beb5861b41a14b9) Importer(815301076,1909f56bfc062723c751e8b465ee728b)
Start importing Assets/Prefabs/LaserSwitch.prefab using Guid(0b03b6f3eb5a8bf42beb5861b41a14b9) Importer(815301076,1909f56bfc062723c751e8b465ee728b)  -> (artifact id: '7c11220b2bca4d109d334ccf8de4b439') in 0.035253 seconds 
  Import took 0.037826 seconds .

========================================================================
Received Import Request.
  Time since last request: 0.000138 seconds.
  path: Assets/Materials/MazeGrey.mat
  artifactKey: Guid(677451eaff41ef74fb306dd5371d0b9a) Importer(815301076,1909f56bfc062723c751e8b465ee728b)
Start importing Assets/Materials/MazeGrey.mat using Guid(677451eaff41ef74fb306dd5371d0b9a) Importer(815301076,1909f56bfc062723c751e8b465ee728b)  -> (artifact id: 'ecf14132a538b1eb8fe86e44e854066a') in 0.010981 seconds 
  Import took 0.013147 seconds .

========================================================================
Received Import Request.
  Time since last request: 0.000147 seconds.
  path: Assets/Prefabs/DoorSwitch.prefab
  artifactKey: Guid(faaf503278b8b7e4faec58d7d03404fa) Importer(815301076,1909f56bfc062723c751e8b465ee728b)
Start importing Assets/Prefabs/DoorSwitch.prefab using Guid(faaf503278b8b7e4faec58d7d03404fa) Importer(815301076,1909f56bfc062723c751e8b465ee728b)  -> (artifact id: 'a65733e16cb1f64fe3900698eb676428') in 0.019919 seconds 
  Import took 0.023050 seconds .

========================================================================
Received Import Request.
  Time since last request: 0.000435 seconds.
  path: Assets/Materials/CodeyTexture.jpg
  artifactKey: Guid(b3b0e444b4e2b1342a1ba4615b0b97fa) Importer(815301076,1909f56bfc062723c751e8b465ee728b)
Start importing Assets/Materials/CodeyTexture.jpg using Guid(b3b0e444b4e2b1342a1ba4615b0b97fa) Importer(815301076,1909f56bfc062723c751e8b465ee728b)  -> (artifact id: 'eb81075c3bb4b73c831190961524a56f') in 0.014322 seconds 
  Import took 0.017406 seconds .

========================================================================
Received Import Request.
  Time since last request: 3.945883 seconds.
  path: Assets/Scenes/Level1.unity
  artifactKey: Guid(fe9c70ae84d61754c809783afbd641fb) Importer(815301076,1909f56bfc062723c751e8b465ee728b)
Start importing Assets/Scenes/Level1.unity using Guid(fe9c70ae84d61754c809783afbd641fb) Importer(815301076,1909f56bfc062723c751e8b465ee728b)  -> (artifact id: '0f6e4c88c77957c0159791b5ee1fd98d') in 0.005180 seconds 
  Import took 0.007440 seconds .

========================================================================
Received Import Request.
  Time since last request: 32.684325 seconds.
  path: Assets/Scenes/Level2.unity
  artifactKey: Guid(70d451264f87f5d498d1ae527502c53d) Importer(815301076,1909f56bfc062723c751e8b465ee728b)
Start importing Assets/Scenes/Level2.unity using Guid(70d451264f87f5d498d1ae527502c53d) Importer(815301076,1909f56bfc062723c751e8b465ee728b)  -> (artifact id: '9b2b2b9f39de74bfcfd8fe42ebda2667') in 0.010699 seconds 
  Import took 0.014810 seconds .

========================================================================
Received Prepare
Registering precompiled user dll's ...
Registered in 0.004977 seconds.
Begin MonoManager ReloadAssembly
Native extension for WindowsStandalone target not found
Refreshing native plugins compatible for Editor in 0.38 ms, found 2 plugins.
Preloading 0 native plugins for Editor in 0.00 ms.
Mono: successfully reloaded assembly
- Completed reload, in  0.802 seconds
Domain Reload Profiling:
	ReloadAssembly (803ms)
		BeginReloadAssembly (94ms)
			ExecutionOrderSort (0ms)
			DisableScriptedObjects (3ms)
			BackupInstance (0ms)
			ReleaseScriptingObjects (0ms)
			CreateAndSetChildDomain (28ms)
		EndReloadAssembly (655ms)
			LoadAssemblies (74ms)
			RebuildTransferFunctionScriptingTraits (0ms)
			SetupTypeCache (232ms)
			ReleaseScriptCaches (1ms)
			RebuildScriptCaches (31ms)
			SetupLoadedEditorAssemblies (234ms)
				LogAssemblyErrors (0ms)
				InitializePlatformSupportModulesInManaged (4ms)
				SetLoadedEditorAssemblies (0ms)
				RefreshPlugins (0ms)
				BeforeProcessingInitializeOnLoad (61ms)
				ProcessInitializeOnLoadAttributes (155ms)
				ProcessInitializeOnLoadMethodAttributes (8ms)
				AfterProcessingInitializeOnLoad (5ms)
				EditorAssembliesLoaded (0ms)
			ExecutionOrderSort2 (0ms)
			AwakeInstancesAfterBackupRestoration (6ms)
Platform modules already initialized, skipping
Refreshing native plugins compatible for Editor in 0.53 ms, found 2 plugins.
Preloading 0 native plugins for Editor in 0.00 ms.
Unloading 1504 Unused Serialized files (Serialized files now loaded: 0)
System memory in use before: 87.5 MB.
System memory in use after: 87.6 MB.

Unloading 15 unused Assets to reduce memory usage. Loaded Objects now: 2005.
Total: 2.572800 ms (FindLiveObjects: 0.189200 ms CreateObjectMapping: 0.055100 ms MarkObjects: 2.303200 ms  DeleteObjects: 0.024300 ms)

AssetImportParameters requested are different than current active one (requested -> active):
  custom:framework-win-MediaFoundation: 216162199b28c13a410421893ffa2e32 -> 
  custom:video-decoder-ogg-theora: a1e56fd34408186e4bbccfd4996cb3dc -> 
  custom:container-muxer-webm: aa71ff27fc2769a1b78a27578f13a17b -> 
  custom:container-demuxer-webm: 4f35f7cbe854078d1ac9338744f61a02 -> 
  custom:container-demuxer-ogg: 62fdf1f143b41e24485cea50d1cbac27 -> 
  custom:video-encoder-webm-vp8: eb34c28f22e8b96e1ab97ce403110664 -> 
  custom:video-decoder-webm-vp8: 9c59270c3fd7afecdb556c50c9e8de78 -> 
  custom:audio-decoder-ogg-vorbis: bf7c407c2cedff20999df2af8eb42d56 -> 
  custom:audio-encoder-webm-vorbis: bf7c407c2cedff20999df2af8eb42d56 -> 
AssetImportWorkerClient::OnTransportError - code=2 error=End of file
