Using pre-set license
Built from '2021.3/staging' branch; Version is '2021.3.11f1 (0a5ca18544bf) revision 679073'; Using compiler version '192829333'; Build Type 'Release'
OS: 'Windows 11  (10.0.22000) 64bit Core' Language: 'en' Physical Memory: 8013 MB
BatchMode: 1, IsHumanControllingUs: 0, StartBugReporterOnCrash: 0, Is64bit: 1, IsPro: 1

COMMAND LINE ARGUMENTS:
C:\Program Files\Unity\Hub\Editor\2021.3.11f1\Editor\Unity.exe
-adb2
-batchMode
-noUpm
-name
AssetImportWorker0
-projectPath
C:/Users/Code Ninjas Markham/Documents/Cleo-Tran-Brown/CT-Amazing Ninja Worlds 2
-logFile
Logs/AssetImportWorker0.log
-srvPort
64313
Successfully changed project path to: C:/Users/Code Ninjas Markham/Documents/Cleo-Tran-Brown/CT-Amazing Ninja Worlds 2
C:/Users/Code Ninjas Markham/Documents/Cleo-Tran-Brown/CT-Amazing Ninja Worlds 2
[UnityMemory] Configuration Parameters - Can be set up in boot.config
    "memorysetup-bucket-allocator-granularity=16"
    "memorysetup-bucket-allocator-bucket-count=8"
    "memorysetup-bucket-allocator-block-size=33554432"
    "memorysetup-bucket-allocator-block-count=8"
    "memorysetup-main-allocator-block-size=16777216"
    "memorysetup-thread-allocator-block-size=16777216"
    "memorysetup-gfx-main-allocator-block-size=16777216"
    "memorysetup-gfx-thread-allocator-block-size=16777216"
    "memorysetup-cache-allocator-block-size=4194304"
    "memorysetup-typetree-allocator-block-size=2097152"
    "memorysetup-profiler-bucket-allocator-granularity=16"
    "memorysetup-profiler-bucket-allocator-bucket-count=8"
    "memorysetup-profiler-bucket-allocator-block-size=33554432"
    "memorysetup-profiler-bucket-allocator-block-count=8"
    "memorysetup-profiler-allocator-block-size=16777216"
    "memorysetup-profiler-editor-allocator-block-size=1048576"
    "memorysetup-temp-allocator-size-main=16777216"
    "memorysetup-job-temp-allocator-block-size=2097152"
    "memorysetup-job-temp-allocator-block-size-background=1048576"
    "memorysetup-job-temp-allocator-reduction-small-platforms=262144"
    "memorysetup-temp-allocator-size-background-worker=32768"
    "memorysetup-temp-allocator-size-job-worker=262144"
    "memorysetup-temp-allocator-size-preload-manager=33554432"
    "memorysetup-temp-allocator-size-nav-mesh-worker=65536"
    "memorysetup-temp-allocator-size-audio-worker=65536"
    "memorysetup-temp-allocator-size-cloud-worker=32768"
    "memorysetup-temp-allocator-size-gi-baking-worker=262144"
    "memorysetup-temp-allocator-size-gfx=262144"
Refreshing native plugins compatible for Editor in 91.10 ms, found 3 plugins.
Preloading 0 native plugins for Editor in 0.00 ms.
Initialize engine version: 2021.3.11f1 (0a5ca18544bf)
[Subsystems] Discovering subsystems at path C:/Program Files/Unity/Hub/Editor/2021.3.11f1/Editor/Data/Resources/UnitySubsystems
[Subsystems] Discovering subsystems at path C:/Users/Code Ninjas Markham/Documents/Cleo-Tran-Brown/CT-Amazing Ninja Worlds 2/Assets
GfxDevice: creating device client; threaded=0; jobified=0
Direct3D:
    Version:  Direct3D 11.0 [level 11.1]
    Renderer: NVIDIA GeForce GTX 1650 with Max-Q Design (ID=0x1f9d)
    Vendor:   NVIDIA
    VRAM:     3962 MB
    Driver:   31.0.15.1659
Initialize mono
Mono path[0] = 'C:/Program Files/Unity/Hub/Editor/2021.3.11f1/Editor/Data/Managed'
Mono path[1] = 'C:/Program Files/Unity/Hub/Editor/2021.3.11f1/Editor/Data/MonoBleedingEdge/lib/mono/unityjit-win32'
Mono config path = 'C:/Program Files/Unity/Hub/Editor/2021.3.11f1/Editor/Data/MonoBleedingEdge/etc'
Using monoOptions --debugger-agent=transport=dt_socket,embedding=1,server=y,suspend=n,address=127.0.0.1:56104
Begin MonoManager ReloadAssembly
Registering precompiled unity dll's ...
Register platform support module: C:/Program Files/Unity/Hub/Editor/2021.3.11f1/Editor/Data/PlaybackEngines/WindowsStandaloneSupport/UnityEditor.WindowsStandalone.Extensions.dll
Registered in 0.003533 seconds.
Native extension for WindowsStandalone target not found
Refreshing native plugins compatible for Editor in 88.93 ms, found 3 plugins.
Preloading 0 native plugins for Editor in 0.00 ms.
Mono: successfully reloaded assembly
- Completed reload, in  0.703 seconds
Domain Reload Profiling:
	ReloadAssembly (704ms)
		BeginReloadAssembly (63ms)
			ExecutionOrderSort (0ms)
			DisableScriptedObjects (0ms)
			BackupInstance (0ms)
			ReleaseScriptingObjects (0ms)
			CreateAndSetChildDomain (1ms)
		EndReloadAssembly (545ms)
			LoadAssemblies (61ms)
			RebuildTransferFunctionScriptingTraits (0ms)
			SetupTypeCache (168ms)
			ReleaseScriptCaches (0ms)
			RebuildScriptCaches (35ms)
			SetupLoadedEditorAssemblies (280ms)
				LogAssemblyErrors (0ms)
				InitializePlatformSupportModulesInManaged (9ms)
				SetLoadedEditorAssemblies (0ms)
				RefreshPlugins (89ms)
				BeforeProcessingInitializeOnLoad (1ms)
				ProcessInitializeOnLoadAttributes (138ms)
				ProcessInitializeOnLoadMethodAttributes (43ms)
				AfterProcessingInitializeOnLoad (0ms)
				EditorAssembliesLoaded (0ms)
			ExecutionOrderSort2 (0ms)
			AwakeInstancesAfterBackupRestoration (0ms)
Platform modules already initialized, skipping
Registering precompiled user dll's ...
Registered in 0.004897 seconds.
Begin MonoManager ReloadAssembly
Symbol file LoadedFromMemory doesn't match image C:\Users\Code Ninjas Markham\Documents\Cleo-Tran-Brown\CT-Amazing Ninja Worlds 2\Library\PackageCache\com.unity.visualscripting@1.7.8\Editor\VisualScripting.Core\Dependencies\YamlDotNet\Unity.VisualScripting.YamlDotNet.dll
Symbol file LoadedFromMemory doesn't match image C:\Users\Code Ninjas Markham\Documents\Cleo-Tran-Brown\CT-Amazing Ninja Worlds 2\Library\PackageCache\com.unity.visualscripting@1.7.8\Editor\VisualScripting.Core\Dependencies\DotNetZip\Unity.VisualScripting.IonicZip.dll
Native extension for WindowsStandalone target not found
Refreshing native plugins compatible for Editor in 0.87 ms, found 3 plugins.
Preloading 0 native plugins for Editor in 0.00 ms.
Mono: successfully reloaded assembly
- Completed reload, in  1.090 seconds
Domain Reload Profiling:
	ReloadAssembly (1091ms)
		BeginReloadAssembly (111ms)
			ExecutionOrderSort (0ms)
			DisableScriptedObjects (5ms)
			BackupInstance (0ms)
			ReleaseScriptingObjects (0ms)
			CreateAndSetChildDomain (18ms)
		EndReloadAssembly (864ms)
			LoadAssemblies (132ms)
			RebuildTransferFunctionScriptingTraits (0ms)
			SetupTypeCache (287ms)
			ReleaseScriptCaches (1ms)
			RebuildScriptCaches (53ms)
			SetupLoadedEditorAssemblies (366ms)
				LogAssemblyErrors (0ms)
				InitializePlatformSupportModulesInManaged (4ms)
				SetLoadedEditorAssemblies (0ms)
				RefreshPlugins (1ms)
				BeforeProcessingInitializeOnLoad (86ms)
				ProcessInitializeOnLoadAttributes (243ms)
				ProcessInitializeOnLoadMethodAttributes (26ms)
				AfterProcessingInitializeOnLoad (5ms)
				EditorAssembliesLoaded (0ms)
			ExecutionOrderSort2 (0ms)
			AwakeInstancesAfterBackupRestoration (5ms)
Platform modules already initialized, skipping
========================================================================
Worker process is ready to serve import requests
Launched and connected shader compiler UnityShaderCompiler.exe after 0.04 seconds
Refreshing native plugins compatible for Editor in 0.98 ms, found 3 plugins.
Preloading 0 native plugins for Editor in 0.00 ms.
Unloading 3595 Unused Serialized files (Serialized files now loaded: 0)
Unloading 40 unused Assets / (184.5 KB). Loaded Objects now: 4056.
Memory consumption went from 130.1 MB to 129.9 MB.
Total: 3.796500 ms (FindLiveObjects: 0.390700 ms CreateObjectMapping: 0.329300 ms MarkObjects: 2.949400 ms  DeleteObjects: 0.126300 ms)

AssetImportParameters requested are different than current active one (requested -> active):
  custom:video-decoder-ogg-theora: a1e56fd34408186e4bbccfd4996cb3dc -> 
  custom:container-muxer-webm: aa71ff27fc2769a1b78a27578f13a17b -> 
  custom:container-demuxer-webm: 4f35f7cbe854078d1ac9338744f61a02 -> 
  custom:video-encoder-webm-vp8: eb34c28f22e8b96e1ab97ce403110664 -> 
  custom:audio-encoder-webm-vorbis: bf7c407c2cedff20999df2af8eb42d56 -> 
  custom:framework-win-MediaFoundation: 216162199b28c13a410421893ffa2e32 -> 
  custom:container-demuxer-ogg: 62fdf1f143b41e24485cea50d1cbac27 -> 
  custom:video-decoder-webm-vp8: 9c59270c3fd7afecdb556c50c9e8de78 -> 
  custom:audio-decoder-ogg-vorbis: bf7c407c2cedff20999df2af8eb42d56 -> 
========================================================================
Received Import Request.
  Time since last request: 1126105.394745 seconds.
  path: Assets/Scripts/LifeHUD.cs
  artifactKey: Guid(141cf2699261bab4f9d01bad24cd997f) Importer(815301076,1909f56bfc062723c751e8b465ee728b)
Start importing Assets/Scripts/LifeHUD.cs using Guid(141cf2699261bab4f9d01bad24cd997f) Importer(815301076,1909f56bfc062723c751e8b465ee728b)  -> (artifact id: 'fa16f609428b53f0f1a2934bbd2d98a7') in 0.026947 seconds 
========================================================================
Received Import Request.
  Time since last request: 1.538682 seconds.
  path: Assets/Scripts/PlayerJump.cs
  artifactKey: Guid(9bf1c0810bc2a9946943ecd1d0464e0d) Importer(815301076,1909f56bfc062723c751e8b465ee728b)
Start importing Assets/Scripts/PlayerJump.cs using Guid(9bf1c0810bc2a9946943ecd1d0464e0d) Importer(815301076,1909f56bfc062723c751e8b465ee728b)  -> (artifact id: '3e15919ab7b85dd3a83c3bb088b5b28a') in 0.005214 seconds 
========================================================================
Received Import Request.
  Time since last request: 0.999671 seconds.
  path: Assets/Scripts/PlayerController.cs
  artifactKey: Guid(38b8dab2c9119994db5b264f58bed390) Importer(815301076,1909f56bfc062723c751e8b465ee728b)
Start importing Assets/Scripts/PlayerController.cs using Guid(38b8dab2c9119994db5b264f58bed390) Importer(815301076,1909f56bfc062723c751e8b465ee728b)  -> (artifact id: 'f59e3189064ae332e5ee6feeb89044a1') in 0.005141 seconds 
========================================================================
Received Import Request.
  Time since last request: 0.625653 seconds.
  path: Assets/Scripts/Movement.cs
  artifactKey: Guid(b518a3af79bd10d40bc33e9863eaaccb) Importer(815301076,1909f56bfc062723c751e8b465ee728b)
Start importing Assets/Scripts/Movement.cs using Guid(b518a3af79bd10d40bc33e9863eaaccb) Importer(815301076,1909f56bfc062723c751e8b465ee728b)  -> (artifact id: 'd32b662c48a6870906ae5294de07fbb3') in 0.005325 seconds 
========================================================================
Received Import Request.
  Time since last request: 1.283932 seconds.
  path: Assets/Scripts/Hazard.cs
  artifactKey: Guid(a165d4fc6e47f1247a61df3e22801fc0) Importer(815301076,1909f56bfc062723c751e8b465ee728b)
Start importing Assets/Scripts/Hazard.cs using Guid(a165d4fc6e47f1247a61df3e22801fc0) Importer(815301076,1909f56bfc062723c751e8b465ee728b)  -> (artifact id: 'ea636bd6378272863a2c0830568383fb') in 0.005618 seconds 
========================================================================
Received Import Request.
  Time since last request: 1.062974 seconds.
  path: Assets/Scripts/GameManager.cs
  artifactKey: Guid(e4adf2c123ea9ea44836777e10a61da5) Importer(815301076,1909f56bfc062723c751e8b465ee728b)
Start importing Assets/Scripts/GameManager.cs using Guid(e4adf2c123ea9ea44836777e10a61da5) Importer(815301076,1909f56bfc062723c751e8b465ee728b)  -> (artifact id: '2590e3ce8e49f5c26191f0e36f4f85ae') in 0.004959 seconds 
========================================================================
Received Import Request.
  Time since last request: 1.599108 seconds.
  path: Assets/Scripts/Checkpoint.cs
  artifactKey: Guid(8fd939aa80cc3a34096638f50ca50ca6) Importer(815301076,1909f56bfc062723c751e8b465ee728b)
Start importing Assets/Scripts/Checkpoint.cs using Guid(8fd939aa80cc3a34096638f50ca50ca6) Importer(815301076,1909f56bfc062723c751e8b465ee728b)  -> (artifact id: '5932f53e426fc439aa038ac76d5e3e53') in 0.005202 seconds 
========================================================================
Received Import Request.
  Time since last request: 4.218584 seconds.
  path: Assets/Scripts/ButtonReset.cs
  artifactKey: Guid(13dcbec777316f543beb130845bb2770) Importer(815301076,1909f56bfc062723c751e8b465ee728b)
Start importing Assets/Scripts/ButtonReset.cs using Guid(13dcbec777316f543beb130845bb2770) Importer(815301076,1909f56bfc062723c751e8b465ee728b)  -> (artifact id: '1263274cce2e844945e742bcc7af2b1e') in 0.006131 seconds 
========================================================================
Received Import Request.
  Time since last request: 3.663011 seconds.
  path: Assets/Scripts/ButtonContinue.cs
  artifactKey: Guid(6df14420af09a6746bf5e0f288a3d270) Importer(815301076,1909f56bfc062723c751e8b465ee728b)
Start importing Assets/Scripts/ButtonContinue.cs using Guid(6df14420af09a6746bf5e0f288a3d270) Importer(815301076,1909f56bfc062723c751e8b465ee728b)  -> (artifact id: '20c0cb75e47b3f47a11c622e6af0c90b') in 0.005412 seconds 
========================================================================
Received Import Request.
  Time since last request: 2.517892 seconds.
  path: Assets/Scripts/Activate.cs
  artifactKey: Guid(44d7de8da45dd3647842100fa356d1c2) Importer(815301076,1909f56bfc062723c751e8b465ee728b)
Start importing Assets/Scripts/Activate.cs using Guid(44d7de8da45dd3647842100fa356d1c2) Importer(815301076,1909f56bfc062723c751e8b465ee728b)  -> (artifact id: '6c9d185b971a54c710fe63ef682c5ff7') in 0.004926 seconds 
========================================================================
Received Prepare
Registering precompiled user dll's ...
Registered in 0.004414 seconds.
Begin MonoManager ReloadAssembly
Symbol file LoadedFromMemory doesn't match image C:\Users\Code Ninjas Markham\Documents\Cleo-Tran-Brown\CT-Amazing Ninja Worlds 2\Library\PackageCache\com.unity.visualscripting@1.7.8\Editor\VisualScripting.Core\Dependencies\YamlDotNet\Unity.VisualScripting.YamlDotNet.dll
Symbol file LoadedFromMemory doesn't match image C:\Users\Code Ninjas Markham\Documents\Cleo-Tran-Brown\CT-Amazing Ninja Worlds 2\Library\PackageCache\com.unity.visualscripting@1.7.8\Editor\VisualScripting.Core\Dependencies\DotNetZip\Unity.VisualScripting.IonicZip.dll
Native extension for WindowsStandalone target not found
Refreshing native plugins compatible for Editor in 0.60 ms, found 3 plugins.
Preloading 0 native plugins for Editor in 0.00 ms.
Mono: successfully reloaded assembly
- Completed reload, in  0.962 seconds
Domain Reload Profiling:
	ReloadAssembly (963ms)
		BeginReloadAssembly (127ms)
			ExecutionOrderSort (0ms)
			DisableScriptedObjects (4ms)
			BackupInstance (0ms)
			ReleaseScriptingObjects (0ms)
			CreateAndSetChildDomain (38ms)
		EndReloadAssembly (748ms)
			LoadAssemblies (80ms)
			RebuildTransferFunctionScriptingTraits (0ms)
			SetupTypeCache (274ms)
			ReleaseScriptCaches (1ms)
			RebuildScriptCaches (39ms)
			SetupLoadedEditorAssemblies (319ms)
				LogAssemblyErrors (0ms)
				InitializePlatformSupportModulesInManaged (12ms)
				SetLoadedEditorAssemblies (0ms)
				RefreshPlugins (1ms)
				BeforeProcessingInitializeOnLoad (60ms)
				ProcessInitializeOnLoadAttributes (214ms)
				ProcessInitializeOnLoadMethodAttributes (26ms)
				AfterProcessingInitializeOnLoad (5ms)
				EditorAssembliesLoaded (0ms)
			ExecutionOrderSort2 (0ms)
			AwakeInstancesAfterBackupRestoration (5ms)
Platform modules already initialized, skipping
Refreshing native plugins compatible for Editor in 1.79 ms, found 3 plugins.
Preloading 0 native plugins for Editor in 0.00 ms.
Unloading 3579 Unused Serialized files (Serialized files now loaded: 0)
Unloading 21 unused Assets / (151.2 KB). Loaded Objects now: 4071.
Memory consumption went from 128.8 MB to 128.7 MB.
Total: 2.810200 ms (FindLiveObjects: 0.282300 ms CreateObjectMapping: 0.190700 ms MarkObjects: 2.233200 ms  DeleteObjects: 0.103400 ms)

AssetImportParameters requested are different than current active one (requested -> active):
  custom:video-decoder-ogg-theora: a1e56fd34408186e4bbccfd4996cb3dc -> 
  custom:container-muxer-webm: aa71ff27fc2769a1b78a27578f13a17b -> 
  custom:container-demuxer-webm: 4f35f7cbe854078d1ac9338744f61a02 -> 
  custom:video-encoder-webm-vp8: eb34c28f22e8b96e1ab97ce403110664 -> 
  custom:audio-encoder-webm-vorbis: bf7c407c2cedff20999df2af8eb42d56 -> 
  custom:framework-win-MediaFoundation: 216162199b28c13a410421893ffa2e32 -> 
  custom:container-demuxer-ogg: 62fdf1f143b41e24485cea50d1cbac27 -> 
  custom:video-decoder-webm-vp8: 9c59270c3fd7afecdb556c50c9e8de78 -> 
  custom:audio-decoder-ogg-vorbis: bf7c407c2cedff20999df2af8eb42d56 -> 
========================================================================
Received Prepare
Registering precompiled user dll's ...
Registered in 0.005585 seconds.
Begin MonoManager ReloadAssembly
Symbol file LoadedFromMemory doesn't match image C:\Users\Code Ninjas Markham\Documents\Cleo-Tran-Brown\CT-Amazing Ninja Worlds 2\Library\PackageCache\com.unity.visualscripting@1.7.8\Editor\VisualScripting.Core\Dependencies\YamlDotNet\Unity.VisualScripting.YamlDotNet.dll
Symbol file LoadedFromMemory doesn't match image C:\Users\Code Ninjas Markham\Documents\Cleo-Tran-Brown\CT-Amazing Ninja Worlds 2\Library\PackageCache\com.unity.visualscripting@1.7.8\Editor\VisualScripting.Core\Dependencies\DotNetZip\Unity.VisualScripting.IonicZip.dll
Native extension for WindowsStandalone target not found
Refreshing native plugins compatible for Editor in 1.51 ms, found 3 plugins.
Preloading 0 native plugins for Editor in 0.00 ms.
Mono: successfully reloaded assembly
- Completed reload, in  1.473 seconds
Domain Reload Profiling:
	ReloadAssembly (1475ms)
		BeginReloadAssembly (207ms)
			ExecutionOrderSort (0ms)
			DisableScriptedObjects (7ms)
			BackupInstance (0ms)
			ReleaseScriptingObjects (0ms)
			CreateAndSetChildDomain (74ms)
		EndReloadAssembly (1144ms)
			LoadAssemblies (140ms)
			RebuildTransferFunctionScriptingTraits (0ms)
			SetupTypeCache (393ms)
			ReleaseScriptCaches (3ms)
			RebuildScriptCaches (72ms)
			SetupLoadedEditorAssemblies (496ms)
				LogAssemblyErrors (0ms)
				InitializePlatformSupportModulesInManaged (16ms)
				SetLoadedEditorAssemblies (1ms)
				RefreshPlugins (2ms)
				BeforeProcessingInitializeOnLoad (88ms)
				ProcessInitializeOnLoadAttributes (341ms)
				ProcessInitializeOnLoadMethodAttributes (40ms)
				AfterProcessingInitializeOnLoad (8ms)
				EditorAssembliesLoaded (1ms)
			ExecutionOrderSort2 (0ms)
			AwakeInstancesAfterBackupRestoration (8ms)
Platform modules already initialized, skipping
Refreshing native plugins compatible for Editor in 3.94 ms, found 3 plugins.
Preloading 0 native plugins for Editor in 0.00 ms.
Unloading 3579 Unused Serialized files (Serialized files now loaded: 0)
Unloading 21 unused Assets / (151.3 KB). Loaded Objects now: 4086.
Memory consumption went from 128.8 MB to 128.7 MB.
Total: 4.962200 ms (FindLiveObjects: 0.575300 ms CreateObjectMapping: 0.535300 ms MarkObjects: 3.730600 ms  DeleteObjects: 0.118800 ms)

AssetImportParameters requested are different than current active one (requested -> active):
  custom:video-decoder-ogg-theora: a1e56fd34408186e4bbccfd4996cb3dc -> 
  custom:container-muxer-webm: aa71ff27fc2769a1b78a27578f13a17b -> 
  custom:container-demuxer-webm: 4f35f7cbe854078d1ac9338744f61a02 -> 
  custom:video-encoder-webm-vp8: eb34c28f22e8b96e1ab97ce403110664 -> 
  custom:audio-encoder-webm-vorbis: bf7c407c2cedff20999df2af8eb42d56 -> 
  custom:framework-win-MediaFoundation: 216162199b28c13a410421893ffa2e32 -> 
  custom:container-demuxer-ogg: 62fdf1f143b41e24485cea50d1cbac27 -> 
  custom:video-decoder-webm-vp8: 9c59270c3fd7afecdb556c50c9e8de78 -> 
  custom:audio-decoder-ogg-vorbis: bf7c407c2cedff20999df2af8eb42d56 -> 
========================================================================
Received Import Request.
  Time since last request: 387.226866 seconds.
  path: Assets/Scenes/Level1.unity
  artifactKey: Guid(be907c4a8f5050a44b320048ff4ed148) Importer(815301076,1909f56bfc062723c751e8b465ee728b)
Start importing Assets/Scenes/Level1.unity using Guid(be907c4a8f5050a44b320048ff4ed148) Importer(815301076,1909f56bfc062723c751e8b465ee728b)  -> (artifact id: 'c0d35050bb97cd8ac74dceae0c938dce') in 0.017704 seconds 
========================================================================
Received Import Request.
  Time since last request: 1.749932 seconds.
  path: Assets/Scenes/Level1_A.unity
  artifactKey: Guid(ff852ece8342cd04f889f85bc29e3dc4) Importer(815301076,1909f56bfc062723c751e8b465ee728b)
Start importing Assets/Scenes/Level1_A.unity using Guid(ff852ece8342cd04f889f85bc29e3dc4) Importer(815301076,1909f56bfc062723c751e8b465ee728b)  -> (artifact id: '884fa9efd46937036dc036927f4e7b69') in 0.006550 seconds 
========================================================================
Received Import Request.
  Time since last request: 1.245356 seconds.
  path: Assets/Scenes/Level1_B.unity
  artifactKey: Guid(27fe279aa4cdefa4db224b2ef87b10ed) Importer(815301076,1909f56bfc062723c751e8b465ee728b)
Start importing Assets/Scenes/Level1_B.unity using Guid(27fe279aa4cdefa4db224b2ef87b10ed) Importer(815301076,1909f56bfc062723c751e8b465ee728b)  -> (artifact id: 'ac45305368598b9c9d2c32b35f674af8') in 0.006991 seconds 
========================================================================
Received Import Request.
  Time since last request: 17.471335 seconds.
  path: Assets/Scenes/Level2.unity
  artifactKey: Guid(82aa21fa29badcb448e009ebd860fb14) Importer(815301076,1909f56bfc062723c751e8b465ee728b)
Start importing Assets/Scenes/Level2.unity using Guid(82aa21fa29badcb448e009ebd860fb14) Importer(815301076,1909f56bfc062723c751e8b465ee728b)  -> (artifact id: 'b6039702c4aff23b5b2580308ea8c64b') in 0.007028 seconds 
========================================================================
Received Import Request.
  Time since last request: 7.978703 seconds.
  path: Assets/Scenes/Level2_A.unity
  artifactKey: Guid(9a7805a69084b4b4f9cf87a57172d39f) Importer(815301076,1909f56bfc062723c751e8b465ee728b)
Start importing Assets/Scenes/Level2_A.unity using Guid(9a7805a69084b4b4f9cf87a57172d39f) Importer(815301076,1909f56bfc062723c751e8b465ee728b)  -> (artifact id: '72c0bf10b9a2a242861849532ad8fae6') in 0.008835 seconds 
========================================================================
Received Import Request.
  Time since last request: 4.325799 seconds.
  path: Assets/Scenes/Level3.unity
  artifactKey: Guid(55fd0c57dd152344d85b5341c0f7403a) Importer(815301076,1909f56bfc062723c751e8b465ee728b)
Start importing Assets/Scenes/Level3.unity using Guid(55fd0c57dd152344d85b5341c0f7403a) Importer(815301076,1909f56bfc062723c751e8b465ee728b)  -> (artifact id: '54c1b9925e4ec403c35081f51b8c6ab6') in 0.005583 seconds 
========================================================================
Received Import Request.
  Time since last request: 1.888729 seconds.
  path: Assets/Scenes/Main.unity
  artifactKey: Guid(3dc5984234b6b09468376710e8e437dd) Importer(815301076,1909f56bfc062723c751e8b465ee728b)
Start importing Assets/Scenes/Main.unity using Guid(3dc5984234b6b09468376710e8e437dd) Importer(815301076,1909f56bfc062723c751e8b465ee728b)  -> (artifact id: '660e5c9aaef2fb6c59903b82a73ec433') in 0.007132 seconds 
========================================================================
Received Import Request.
  Time since last request: 509.024038 seconds.
  path: Assets/Scenes/Level1_A.unity
  artifactKey: Guid(ff852ece8342cd04f889f85bc29e3dc4) Importer(815301076,1909f56bfc062723c751e8b465ee728b)
Start importing Assets/Scenes/Level1_A.unity using Guid(ff852ece8342cd04f889f85bc29e3dc4) Importer(815301076,1909f56bfc062723c751e8b465ee728b)  -> (artifact id: 'e4b674b93a6d8c8d0215921c5a68dcfa') in 0.007388 seconds 
========================================================================
Received Import Request.
  Time since last request: 39.871205 seconds.
  path: Assets/Textures/BGfarLevel3.png
  artifactKey: Guid(081783fc93a2dbb44b14cf1a0e6c0b2b) Importer(815301076,1909f56bfc062723c751e8b465ee728b)
Start importing Assets/Textures/BGfarLevel3.png using Guid(081783fc93a2dbb44b14cf1a0e6c0b2b) Importer(815301076,1909f56bfc062723c751e8b465ee728b)  -> (artifact id: '7b12b9ae5acaa325b56d607e717747c7') in 0.220327 seconds 
========================================================================
Received Import Request.
  Time since last request: 0.000023 seconds.
  path: Assets/Textures/caveTexture.png
  artifactKey: Guid(6e1e5ed8e85560a45a920b71d5aac0d8) Importer(815301076,1909f56bfc062723c751e8b465ee728b)
Start importing Assets/Textures/caveTexture.png using Guid(6e1e5ed8e85560a45a920b71d5aac0d8) Importer(815301076,1909f56bfc062723c751e8b465ee728b)  -> (artifact id: '34e75b726ca9b836789927c492f59514') in 0.018531 seconds 
========================================================================
Received Import Request.
  Time since last request: 0.000048 seconds.
  path: Assets/Textures/CodeyTexture.jpg
  artifactKey: Guid(495f0c5f80111714abd9d375e2235087) Importer(815301076,1909f56bfc062723c751e8b465ee728b)
Start importing Assets/Textures/CodeyTexture.jpg using Guid(495f0c5f80111714abd9d375e2235087) Importer(815301076,1909f56bfc062723c751e8b465ee728b)  -> (artifact id: '7b2dcf52f1a6bb3d0a5239f31852d328') in 0.031549 seconds 
========================================================================
Received Import Request.
  Time since last request: 0.000022 seconds.
  path: Assets/Textures/healthHeart.png
  artifactKey: Guid(11c6742ae99c58b408a8341503865c32) Importer(815301076,1909f56bfc062723c751e8b465ee728b)
Start importing Assets/Textures/healthHeart.png using Guid(11c6742ae99c58b408a8341503865c32) Importer(815301076,1909f56bfc062723c751e8b465ee728b)  -> (artifact id: '72954466ca169db0ba1723aaaac763e7') in 0.019682 seconds 
========================================================================
Received Import Request.
  Time since last request: 0.000099 seconds.
  path: Assets/Textures/button.png
  artifactKey: Guid(23fff49df13fef5488952affda416312) Importer(815301076,1909f56bfc062723c751e8b465ee728b)
Start importing Assets/Textures/button.png using Guid(23fff49df13fef5488952affda416312) Importer(815301076,1909f56bfc062723c751e8b465ee728b)  -> (artifact id: '53a64da67a4dfc68f51d20cc41d72450') in 0.024739 seconds 
========================================================================
Received Import Request.
  Time since last request: 0.000037 seconds.
  path: Assets/Textures/MountainPart2.png
  artifactKey: Guid(3be541844b44d664cb3d22b34a3afe94) Importer(815301076,1909f56bfc062723c751e8b465ee728b)
Start importing Assets/Textures/MountainPart2.png using Guid(3be541844b44d664cb3d22b34a3afe94) Importer(815301076,1909f56bfc062723c751e8b465ee728b)  -> (artifact id: 'e9e410575498c2e7ed522c95bb1d401c') in 0.058194 seconds 
========================================================================
Received Import Request.
  Time since last request: 0.000042 seconds.
  path: Assets/Textures/BGnearestLevel3.png
  artifactKey: Guid(aeeae6327a65ee548afcf1497587b51a) Importer(815301076,1909f56bfc062723c751e8b465ee728b)
Start importing Assets/Textures/BGnearestLevel3.png using Guid(aeeae6327a65ee548afcf1497587b51a) Importer(815301076,1909f56bfc062723c751e8b465ee728b)  -> (artifact id: '69697d19a384d823fabef7d937193164') in 0.101360 seconds 
========================================================================
Received Prepare
Registering precompiled user dll's ...
Registered in 0.006791 seconds.
Begin MonoManager ReloadAssembly
Symbol file LoadedFromMemory doesn't match image C:\Users\Code Ninjas Markham\Documents\Cleo-Tran-Brown\CT-Amazing Ninja Worlds 2\Library\PackageCache\com.unity.visualscripting@1.7.8\Editor\VisualScripting.Core\Dependencies\YamlDotNet\Unity.VisualScripting.YamlDotNet.dll
Symbol file LoadedFromMemory doesn't match image C:\Users\Code Ninjas Markham\Documents\Cleo-Tran-Brown\CT-Amazing Ninja Worlds 2\Library\PackageCache\com.unity.visualscripting@1.7.8\Editor\VisualScripting.Core\Dependencies\DotNetZip\Unity.VisualScripting.IonicZip.dll
Native extension for WindowsStandalone target not found
Refreshing native plugins compatible for Editor in 0.61 ms, found 3 plugins.
Preloading 0 native plugins for Editor in 0.00 ms.
Mono: successfully reloaded assembly
- Completed reload, in  1.091 seconds
Domain Reload Profiling:
	ReloadAssembly (1092ms)
		BeginReloadAssembly (145ms)
			ExecutionOrderSort (0ms)
			DisableScriptedObjects (4ms)
			BackupInstance (0ms)
			ReleaseScriptingObjects (0ms)
			CreateAndSetChildDomain (46ms)
		EndReloadAssembly (835ms)
			LoadAssemblies (98ms)
			RebuildTransferFunctionScriptingTraits (0ms)
			SetupTypeCache (334ms)
			ReleaseScriptCaches (1ms)
			RebuildScriptCaches (41ms)
			SetupLoadedEditorAssemblies (333ms)
				LogAssemblyErrors (0ms)
				InitializePlatformSupportModulesInManaged (11ms)
				SetLoadedEditorAssemblies (0ms)
				RefreshPlugins (1ms)
				BeforeProcessingInitializeOnLoad (62ms)
				ProcessInitializeOnLoadAttributes (221ms)
				ProcessInitializeOnLoadMethodAttributes (33ms)
				AfterProcessingInitializeOnLoad (5ms)
				EditorAssembliesLoaded (0ms)
			ExecutionOrderSort2 (0ms)
			AwakeInstancesAfterBackupRestoration (5ms)
Platform modules already initialized, skipping
Refreshing native plugins compatible for Editor in 1.74 ms, found 3 plugins.
Preloading 0 native plugins for Editor in 0.00 ms.
Unloading 3579 Unused Serialized files (Serialized files now loaded: 0)
Unloading 21 unused Assets / (151.3 KB). Loaded Objects now: 4118.
Memory consumption went from 133.2 MB to 133.0 MB.
Total: 2.633500 ms (FindLiveObjects: 0.276500 ms CreateObjectMapping: 0.180800 ms MarkObjects: 2.085500 ms  DeleteObjects: 0.089700 ms)

AssetImportParameters requested are different than current active one (requested -> active):
  custom:video-decoder-ogg-theora: a1e56fd34408186e4bbccfd4996cb3dc -> 
  custom:container-muxer-webm: aa71ff27fc2769a1b78a27578f13a17b -> 
  custom:container-demuxer-webm: 4f35f7cbe854078d1ac9338744f61a02 -> 
  custom:video-encoder-webm-vp8: eb34c28f22e8b96e1ab97ce403110664 -> 
  custom:audio-encoder-webm-vorbis: bf7c407c2cedff20999df2af8eb42d56 -> 
  custom:framework-win-MediaFoundation: 216162199b28c13a410421893ffa2e32 -> 
  custom:container-demuxer-ogg: 62fdf1f143b41e24485cea50d1cbac27 -> 
  custom:video-decoder-webm-vp8: 9c59270c3fd7afecdb556c50c9e8de78 -> 
  custom:audio-decoder-ogg-vorbis: bf7c407c2cedff20999df2af8eb42d56 -> 
========================================================================
Received Import Request.
  Time since last request: 106.400402 seconds.
  path: Assets/Prefabs/checkPoint.prefab
  artifactKey: Guid(57823928e9a093c42983a9b1bc51fd93) Importer(815301076,1909f56bfc062723c751e8b465ee728b)
Start importing Assets/Prefabs/checkPoint.prefab using Guid(57823928e9a093c42983a9b1bc51fd93) Importer(815301076,1909f56bfc062723c751e8b465ee728b)  -> (artifact id: 'bcf07672c1b288467cd7d53df6165ee8') in 0.105533 seconds 
========================================================================
Received Import Request.
  Time since last request: 0.000019 seconds.
  path: Assets/Prefabs/gem.prefab
  artifactKey: Guid(050efd230c4094246b4f2c6039b362e7) Importer(815301076,1909f56bfc062723c751e8b465ee728b)
Start importing Assets/Prefabs/gem.prefab using Guid(050efd230c4094246b4f2c6039b362e7) Importer(815301076,1909f56bfc062723c751e8b465ee728b)  -> (artifact id: '80d884729a78ac69bbc30d2656eb68e7') in 0.016257 seconds 
========================================================================
Received Import Request.
  Time since last request: 0.000035 seconds.
  path: Assets/Prefabs/TeleportPad.prefab
  artifactKey: Guid(96524b76c6a28e54d8bf1b2e3d7ddb55) Importer(815301076,1909f56bfc062723c751e8b465ee728b)
Start importing Assets/Prefabs/TeleportPad.prefab using Guid(96524b76c6a28e54d8bf1b2e3d7ddb55) Importer(815301076,1909f56bfc062723c751e8b465ee728b)  -> (artifact id: 'f65b8a7df505bdcd204bd8ab9596fa83') in 0.032390 seconds 
========================================================================
Received Import Request.
  Time since last request: 0.000016 seconds.
  path: Assets/Prefabs/SnowRock.prefab
  artifactKey: Guid(2cc2d336f55fcd342b083c2a033cc30d) Importer(815301076,1909f56bfc062723c751e8b465ee728b)
Start importing Assets/Prefabs/SnowRock.prefab using Guid(2cc2d336f55fcd342b083c2a033cc30d) Importer(815301076,1909f56bfc062723c751e8b465ee728b)  -> (artifact id: '782fb54cc6aec4ad376f91c08aef350c') in 0.128196 seconds 
========================================================================
Received Import Request.
  Time since last request: 0.000029 seconds.
  path: Assets/Prefabs/Edge.prefab
  artifactKey: Guid(5465356c44b0c93458aff7b20b040e7c) Importer(815301076,1909f56bfc062723c751e8b465ee728b)
Start importing Assets/Prefabs/Edge.prefab using Guid(5465356c44b0c93458aff7b20b040e7c) Importer(815301076,1909f56bfc062723c751e8b465ee728b)  -> (artifact id: '4d35435761f8f13bb5905887ef65b5fe') in 0.022533 seconds 
========================================================================
Received Import Request.
  Time since last request: 0.000027 seconds.
  path: Assets/Prefabs/Codey Variant.prefab
  artifactKey: Guid(b32bd5e0a44542f40b06626d0f879530) Importer(815301076,1909f56bfc062723c751e8b465ee728b)
Start importing Assets/Prefabs/Codey Variant.prefab using Guid(b32bd5e0a44542f40b06626d0f879530) Importer(815301076,1909f56bfc062723c751e8b465ee728b)  -> (artifact id: 'a6e8d5fc6841f884d9136e5023f31303') in 0.095657 seconds 
Editor requested this worker to shutdown with reason: Scaling down because of idle timeout
AssetImportWorker is now disconnected from the server
Process exiting
Exiting without the bug reporter. Application will terminate with return code 0